<?xml version="1.0" encoding="UTF-8"?>
<!-- Generated by org.testng.reporters.JUnitReportReporter -->
<testsuite hostname="LL73-VPD3-IND" failures="0" tests="1" name="jenkinspkg.test1" time="1.021" errors="1" timestamp="2025-01-30T12:40:34 IST" skipped="0">
  <testcase classname="jenkinspkg.test1" name="te1" time="1.021">
    <error message="Method jenkinspkg.test1.te1() didn&#039;t finish within the time-out 1000" type="org.testng.internal.thread.ThreadTimeoutException">
      <![CDATA[org.testng.internal.thread.ThreadTimeoutException: Method jenkinspkg.test1.te1() didn't finish within the time-out 1000
at java.base@17.0.8/jdk.internal.misc.Unsafe.park(Native Method)
at java.base@17.0.8/java.util.concurrent.locks.LockSupport.park(LockSupport.java:211)
at java.base@17.0.8/java.util.concurrent.CompletableFuture$Signaller.block(CompletableFuture.java:1864)
at java.base@17.0.8/java.util.concurrent.ForkJoinPool.unmanagedBlock(ForkJoinPool.java:3465)
at java.base@17.0.8/java.util.concurrent.ForkJoinPool.managedBlock(ForkJoinPool.java:3436)
at java.base@17.0.8/java.util.concurrent.CompletableFuture.waitingGet(CompletableFuture.java:1898)
at java.base@17.0.8/java.util.concurrent.CompletableFuture.get(CompletableFuture.java:2072)
at app//org.openqa.selenium.remote.http.jdk.JdkHttpClient.execute(JdkHttpClient.java:412)
at app//org.openqa.selenium.remote.HttpCommandExecutor.execute(HttpCommandExecutor.java:187)
at app//org.openqa.selenium.remote.service.DriverCommandExecutor.invokeExecute(DriverCommandExecutor.java:216)
at app//org.openqa.selenium.remote.service.DriverCommandExecutor.execute(DriverCommandExecutor.java:174)
at app//org.openqa.selenium.remote.RemoteWebDriver.execute(RemoteWebDriver.java:545)
at app//org.openqa.selenium.remote.RemoteWebDriver.get(RemoteWebDriver.java:313)
at app//jenkinspkg.test1.te1(test1.java:39)
at java.base@17.0.8/jdk.internal.reflect.NativeMethodAccessorImpl.invoke0(Native Method)
at java.base@17.0.8/jdk.internal.reflect.NativeMethodAccessorImpl.invoke(NativeMethodAccessorImpl.java:77)
at java.base@17.0.8/jdk.internal.reflect.DelegatingMethodAccessorImpl.invoke(DelegatingMethodAccessorImpl.java:43)
at java.base@17.0.8/java.lang.reflect.Method.invoke(Method.java:568)
at app//org.testng.internal.invokers.MethodInvocationHelper.invokeMethod(MethodInvocationHelper.java:141)
at app//org.testng.internal.invokers.InvokeMethodRunnable.runOne(InvokeMethodRunnable.java:47)
at app//org.testng.internal.invokers.InvokeMethodRunnable.call(InvokeMethodRunnable.java:76)
at app//org.testng.internal.invokers.InvokeMethodRunnable.call(InvokeMethodRunnable.java:11)
at java.base@17.0.8/java.util.concurrent.FutureTask.run(FutureTask.java:264)
at java.base@17.0.8/java.util.concurrent.ThreadPoolExecutor.runWorker(ThreadPoolExecutor.java:1136)
at java.base@17.0.8/java.util.concurrent.ThreadPoolExecutor$Worker.run(ThreadPoolExecutor.java:635)
at java.base@17.0.8/java.lang.Thread.run(Thread.java:833)
]]>
    </error>
  </testcase> <!-- te1 -->
</testsuite> <!-- jenkinspkg.test1 -->
